<?xml version="1.0" encoding="UTF-8" ?>
<testsuite tests="256" failures="0" name="com.hg4hom.BubTest" time="0.291" errors="0" skipped="0">
  <properties>
    <property name="java.runtime.name" value="Java(TM) SE Runtime Environment"/>
    <property name="sun.boot.library.path" value="C:\Program Files\Java\jdk1.8.0_92\jre\bin"/>
    <property name="java.vm.version" value="25.92-b14"/>
    <property name="user.country.format" value="BR"/>
    <property name="java.vm.vendor" value="Oracle Corporation"/>
    <property name="java.vendor.url" value="http://java.oracle.com/"/>
    <property name="path.separator" value=";"/>
    <property name="guice.disable.misplaced.annotation.check" value="true"/>
    <property name="java.vm.name" value="Java HotSpot(TM) 64-Bit Server VM"/>
    <property name="file.encoding.pkg" value="sun.io"/>
    <property name="user.script" value=""/>
    <property name="user.country" value="US"/>
    <property name="sun.java.launcher" value="SUN_STANDARD"/>
    <property name="sun.os.patch.level" value=""/>
    <property name="java.vm.specification.name" value="Java Virtual Machine Specification"/>
    <property name="user.dir" value="C:\Users\jacksonpradolima\Documents\Bitbucket\hg4hom\maven\hg4hom\instances\bub"/>
    <property name="java.runtime.version" value="1.8.0_92-b14"/>
    <property name="java.awt.graphicsenv" value="sun.awt.Win32GraphicsEnvironment"/>
    <property name="java.endorsed.dirs" value="C:\Program Files\Java\jdk1.8.0_92\jre\lib\endorsed"/>
    <property name="os.arch" value="amd64"/>
    <property name="java.io.tmpdir" value="C:\Users\JACKSO~1\AppData\Local\Temp\"/>
    <property name="line.separator" value="
"/>
    <property name="java.vm.specification.vendor" value="Oracle Corporation"/>
    <property name="user.variant" value=""/>
    <property name="os.name" value="Windows 10"/>
    <property name="maven.ext.class.path" value="C:\Program Files\NetBeans 8.1\java\maven-nblib\netbeans-eventspy.jar"/>
    <property name="classworlds.conf" value="C:\Program Files\NetBeans 8.1\java\maven\bin\m2.conf"/>
    <property name="sun.jnu.encoding" value="Cp1252"/>
    <property name="java.library.path" value="C:\Program Files\Java\jdk1.8.0_92\bin;C:\WINDOWS\Sun\Java\bin;C:\WINDOWS\system32;C:\WINDOWS;C:\ProgramData\Oracle\Java\javapath;C:\WINDOWS\system32;C:\WINDOWS;C:\WINDOWS\System32\Wbem;C:\WINDOWS\System32\WindowsPowerShell\v1.0\;C:\Program Files\Java\jdk1.8.0_92;C:\texlive\2015\bin\win32;."/>
    <property name="java.specification.name" value="Java Platform API Specification"/>
    <property name="java.class.version" value="52.0"/>
    <property name="sun.management.compiler" value="HotSpot 64-Bit Tiered Compilers"/>
    <property name="os.version" value="10.0"/>
    <property name="user.home" value="C:\Users\jacksonpradolima"/>
    <property name="user.timezone" value="America/Sao_Paulo"/>
    <property name="java.awt.printerjob" value="sun.awt.windows.WPrinterJob"/>
    <property name="java.specification.version" value="1.8"/>
    <property name="file.encoding" value="UTF-8"/>
    <property name="user.name" value="jacksonpradolima"/>
    <property name="java.class.path" value="C:\Program Files\NetBeans 8.1\java\maven\boot\plexus-classworlds-2.4.jar"/>
    <property name="java.vm.specification.version" value="1.8"/>
    <property name="sun.arch.data.model" value="64"/>
    <property name="java.home" value="C:\Program Files\Java\jdk1.8.0_92\jre"/>
    <property name="sun.java.command" value="org.codehaus.plexus.classworlds.launcher.Launcher -Dmaven.ext.class.path=C:\Program Files\NetBeans 8.1\java\maven-nblib\netbeans-eventspy.jar -Dfile.encoding=UTF-8 clean install"/>
    <property name="java.specification.vendor" value="Oracle Corporation"/>
    <property name="user.language" value="en"/>
    <property name="user.language.format" value="pt"/>
    <property name="awt.toolkit" value="sun.awt.windows.WToolkit"/>
    <property name="java.vm.info" value="mixed mode"/>
    <property name="java.version" value="1.8.0_92"/>
    <property name="java.ext.dirs" value="C:\Program Files\Java\jdk1.8.0_92\jre\lib\ext;C:\WINDOWS\Sun\Java\lib\ext"/>
    <property name="sun.boot.class.path" value="C:\Program Files\Java\jdk1.8.0_92\jre\lib\resources.jar;C:\Program Files\Java\jdk1.8.0_92\jre\lib\rt.jar;C:\Program Files\Java\jdk1.8.0_92\jre\lib\sunrsasign.jar;C:\Program Files\Java\jdk1.8.0_92\jre\lib\jsse.jar;C:\Program Files\Java\jdk1.8.0_92\jre\lib\jce.jar;C:\Program Files\Java\jdk1.8.0_92\jre\lib\charsets.jar;C:\Program Files\Java\jdk1.8.0_92\jre\lib\jfr.jar;C:\Program Files\Java\jdk1.8.0_92\jre\classes"/>
    <property name="java.vendor" value="Oracle Corporation"/>
    <property name="maven.home" value="C:\Program Files\NetBeans 8.1\java\maven"/>
    <property name="file.separator" value="\"/>
    <property name="java.vendor.url.bug" value="http://bugreport.sun.com/bugreport/"/>
    <property name="sun.cpu.endian" value="little"/>
    <property name="sun.io.unicode.encoding" value="UnicodeLittle"/>
    <property name="sun.desktop" value="windows"/>
    <property name="sun.cpu.isalist" value="amd64"/>
  </properties>
  <testcase classname="com.hg4hom.BubTest" name="testTS_1_100" time="0.002"/>
  <testcase classname="com.hg4hom.BubTest" name="testTS_1_101" time="0.001"/>
  <testcase classname="com.hg4hom.BubTest" name="testTS_1_102" time="0"/>
  <testcase classname="com.hg4hom.BubTest" name="testTS_1_103" time="0"/>
  <testcase classname="com.hg4hom.BubTest" name="testTS_1_104" time="0"/>
  <testcase classname="com.hg4hom.BubTest" name="testTS_1_105" time="0"/>
  <testcase classname="com.hg4hom.BubTest" name="testTS_1_106" time="0"/>
  <testcase classname="com.hg4hom.BubTest" name="testTS_1_107" time="0"/>
  <testcase classname="com.hg4hom.BubTest" name="testTS_1_108" time="0"/>
  <testcase classname="com.hg4hom.BubTest" name="testTS_1_109" time="0"/>
  <testcase classname="com.hg4hom.BubTest" name="testTS_1_110" time="0"/>
  <testcase classname="com.hg4hom.BubTest" name="testTS_1_111" time="0"/>
  <testcase classname="com.hg4hom.BubTest" name="testTS_1_112" time="0"/>
  <testcase classname="com.hg4hom.BubTest" name="testTS_1_113" time="0"/>
  <testcase classname="com.hg4hom.BubTest" name="testTS_1_114" time="0"/>
  <testcase classname="com.hg4hom.BubTest" name="testTS_1_115" time="0"/>
  <testcase classname="com.hg4hom.BubTest" name="testTS_1_116" time="0"/>
  <testcase classname="com.hg4hom.BubTest" name="testTS_1_117" time="0"/>
  <testcase classname="com.hg4hom.BubTest" name="testTS_1_118" time="0"/>
  <testcase classname="com.hg4hom.BubTest" name="testTS_1_119" time="0"/>
  <testcase classname="com.hg4hom.BubTest" name="testTS_1_120" time="0"/>
  <testcase classname="com.hg4hom.BubTest" name="testTS_1_121" time="0"/>
  <testcase classname="com.hg4hom.BubTest" name="testTS_1_122" time="0.001"/>
  <testcase classname="com.hg4hom.BubTest" name="testTS_1_123" time="0"/>
  <testcase classname="com.hg4hom.BubTest" name="testTS_1_124" time="0"/>
  <testcase classname="com.hg4hom.BubTest" name="testTS_1_125" time="0"/>
  <testcase classname="com.hg4hom.BubTest" name="testTS_1_126" time="0"/>
  <testcase classname="com.hg4hom.BubTest" name="testTS_1_127" time="0.001"/>
  <testcase classname="com.hg4hom.BubTest" name="testTS_1_128" time="0"/>
  <testcase classname="com.hg4hom.BubTest" name="testTS_1_129" time="0"/>
  <testcase classname="com.hg4hom.BubTest" name="testTS_1_130" time="0"/>
  <testcase classname="com.hg4hom.BubTest" name="testTS_1_131" time="0"/>
  <testcase classname="com.hg4hom.BubTest" name="testTS_1_132" time="0"/>
  <testcase classname="com.hg4hom.BubTest" name="testTS_1_133" time="0"/>
  <testcase classname="com.hg4hom.BubTest" name="testTS_1_134" time="0"/>
  <testcase classname="com.hg4hom.BubTest" name="testTS_1_135" time="0"/>
  <testcase classname="com.hg4hom.BubTest" name="testTS_1_136" time="0"/>
  <testcase classname="com.hg4hom.BubTest" name="testTS_1_137" time="0"/>
  <testcase classname="com.hg4hom.BubTest" name="testTS_1_138" time="0"/>
  <testcase classname="com.hg4hom.BubTest" name="testTS_1_139" time="0"/>
  <testcase classname="com.hg4hom.BubTest" name="testTS_1_140" time="0.001"/>
  <testcase classname="com.hg4hom.BubTest" name="testTS_1_141" time="0"/>
  <testcase classname="com.hg4hom.BubTest" name="testTS_1_142" time="0"/>
  <testcase classname="com.hg4hom.BubTest" name="testTS_1_143" time="0"/>
  <testcase classname="com.hg4hom.BubTest" name="testTS_1_144" time="0.001"/>
  <testcase classname="com.hg4hom.BubTest" name="testTS_1_145" time="0"/>
  <testcase classname="com.hg4hom.BubTest" name="testTS_1_146" time="0.001"/>
  <testcase classname="com.hg4hom.BubTest" name="testTS_1_147" time="0"/>
  <testcase classname="com.hg4hom.BubTest" name="testTS_1_148" time="0"/>
  <testcase classname="com.hg4hom.BubTest" name="testTS_1_149" time="0"/>
  <testcase classname="com.hg4hom.BubTest" name="testTS_1_150" time="0"/>
  <testcase classname="com.hg4hom.BubTest" name="testTS_1_151" time="0"/>
  <testcase classname="com.hg4hom.BubTest" name="testTS_1_152" time="0"/>
  <testcase classname="com.hg4hom.BubTest" name="testTS_1_153" time="0"/>
  <testcase classname="com.hg4hom.BubTest" name="testTS_1_154" time="0"/>
  <testcase classname="com.hg4hom.BubTest" name="testTS_1_155" time="0.002"/>
  <testcase classname="com.hg4hom.BubTest" name="testTS_1_156" time="0"/>
  <testcase classname="com.hg4hom.BubTest" name="testTS_1_157" time="0"/>
  <testcase classname="com.hg4hom.BubTest" name="testTS_1_158" time="0"/>
  <testcase classname="com.hg4hom.BubTest" name="testTS_1_159" time="0"/>
  <testcase classname="com.hg4hom.BubTest" name="testTS_1_160" time="0"/>
  <testcase classname="com.hg4hom.BubTest" name="testTS_1_161" time="0"/>
  <testcase classname="com.hg4hom.BubTest" name="testTS_1_162" time="0"/>
  <testcase classname="com.hg4hom.BubTest" name="testTS_1_163" time="0"/>
  <testcase classname="com.hg4hom.BubTest" name="testTS_1_164" time="0.001"/>
  <testcase classname="com.hg4hom.BubTest" name="testTS_1_165" time="0"/>
  <testcase classname="com.hg4hom.BubTest" name="testTS_1_166" time="0"/>
  <testcase classname="com.hg4hom.BubTest" name="testTS_1_167" time="0"/>
  <testcase classname="com.hg4hom.BubTest" name="testTS_1_168" time="0"/>
  <testcase classname="com.hg4hom.BubTest" name="testTS_1_169" time="0"/>
  <testcase classname="com.hg4hom.BubTest" name="testTS_1_170" time="0"/>
  <testcase classname="com.hg4hom.BubTest" name="testTS_1_171" time="0"/>
  <testcase classname="com.hg4hom.BubTest" name="testTS_1_172" time="0"/>
  <testcase classname="com.hg4hom.BubTest" name="testTS_1_173" time="0"/>
  <testcase classname="com.hg4hom.BubTest" name="testTS_1_174" time="0"/>
  <testcase classname="com.hg4hom.BubTest" name="testTS_1_175" time="0"/>
  <testcase classname="com.hg4hom.BubTest" name="testTS_1_176" time="0"/>
  <testcase classname="com.hg4hom.BubTest" name="testTS_1_177" time="0"/>
  <testcase classname="com.hg4hom.BubTest" name="testTS_1_178" time="0.003"/>
  <testcase classname="com.hg4hom.BubTest" name="testTS_1_179" time="0.001"/>
  <testcase classname="com.hg4hom.BubTest" name="testTS_1_180" time="0.001"/>
  <testcase classname="com.hg4hom.BubTest" name="testTS_1_181" time="0.001"/>
  <testcase classname="com.hg4hom.BubTest" name="testTS_1_182" time="0"/>
  <testcase classname="com.hg4hom.BubTest" name="testTS_1_183" time="0"/>
  <testcase classname="com.hg4hom.BubTest" name="testTS_1_184" time="0.001"/>
  <testcase classname="com.hg4hom.BubTest" name="testTS_1_185" time="0.001"/>
  <testcase classname="com.hg4hom.BubTest" name="testTS_1_186" time="0"/>
  <testcase classname="com.hg4hom.BubTest" name="testTS_1_187" time="0.001"/>
  <testcase classname="com.hg4hom.BubTest" name="testTS_1_188" time="0"/>
  <testcase classname="com.hg4hom.BubTest" name="testTS_1_189" time="0"/>
  <testcase classname="com.hg4hom.BubTest" name="testTS_1_190" time="0.001"/>
  <testcase classname="com.hg4hom.BubTest" name="testTS_1_191" time="0"/>
  <testcase classname="com.hg4hom.BubTest" name="testTS_1_192" time="0"/>
  <testcase classname="com.hg4hom.BubTest" name="testTS_1_193" time="0"/>
  <testcase classname="com.hg4hom.BubTest" name="testTS_1_194" time="0"/>
  <testcase classname="com.hg4hom.BubTest" name="testTS_1_195" time="0"/>
  <testcase classname="com.hg4hom.BubTest" name="testTS_1_196" time="0.001"/>
  <testcase classname="com.hg4hom.BubTest" name="testTS_1_197" time="0"/>
  <testcase classname="com.hg4hom.BubTest" name="testTS_1_198" time="0"/>
  <testcase classname="com.hg4hom.BubTest" name="testTS_1_199" time="0"/>
  <testcase classname="com.hg4hom.BubTest" name="testTS_1_200" time="0.001"/>
  <testcase classname="com.hg4hom.BubTest" name="testTS_1_201" time="0"/>
  <testcase classname="com.hg4hom.BubTest" name="testTS_1_202" time="0"/>
  <testcase classname="com.hg4hom.BubTest" name="testTS_1_203" time="0"/>
  <testcase classname="com.hg4hom.BubTest" name="testTS_1_204" time="0"/>
  <testcase classname="com.hg4hom.BubTest" name="testTS_1_205" time="0"/>
  <testcase classname="com.hg4hom.BubTest" name="testTS_1_206" time="0"/>
  <testcase classname="com.hg4hom.BubTest" name="testTS_1_207" time="0"/>
  <testcase classname="com.hg4hom.BubTest" name="testTS_1_208" time="0.001"/>
  <testcase classname="com.hg4hom.BubTest" name="testTS_1_209" time="0"/>
  <testcase classname="com.hg4hom.BubTest" name="testTS_1_210" time="0"/>
  <testcase classname="com.hg4hom.BubTest" name="testTS_1_211" time="0"/>
  <testcase classname="com.hg4hom.BubTest" name="testTS_1_212" time="0.001"/>
  <testcase classname="com.hg4hom.BubTest" name="testTS_1_213" time="0"/>
  <testcase classname="com.hg4hom.BubTest" name="testTS_1_214" time="0"/>
  <testcase classname="com.hg4hom.BubTest" name="testTS_1_215" time="0.001"/>
  <testcase classname="com.hg4hom.BubTest" name="testTS_1_216" time="0"/>
  <testcase classname="com.hg4hom.BubTest" name="testTS_1_217" time="0.002"/>
  <testcase classname="com.hg4hom.BubTest" name="testTS_1_218" time="0"/>
  <testcase classname="com.hg4hom.BubTest" name="testTS_1_219" time="0.001"/>
  <testcase classname="com.hg4hom.BubTest" name="testTS_1_220" time="0"/>
  <testcase classname="com.hg4hom.BubTest" name="testTS_1_221" time="0"/>
  <testcase classname="com.hg4hom.BubTest" name="testTS_1_222" time="0"/>
  <testcase classname="com.hg4hom.BubTest" name="testTS_1_223" time="0.001"/>
  <testcase classname="com.hg4hom.BubTest" name="testTS_1_224" time="0.001"/>
  <testcase classname="com.hg4hom.BubTest" name="testTS_1_225" time="0.002"/>
  <testcase classname="com.hg4hom.BubTest" name="testTS_1_226" time="0.002"/>
  <testcase classname="com.hg4hom.BubTest" name="testTS_1_227" time="0.004"/>
  <testcase classname="com.hg4hom.BubTest" name="testTS_1_228" time="0"/>
  <testcase classname="com.hg4hom.BubTest" name="testTS_1_229" time="0"/>
  <testcase classname="com.hg4hom.BubTest" name="testTS_1_230" time="0.001"/>
  <testcase classname="com.hg4hom.BubTest" name="testTS_1_231" time="0"/>
  <testcase classname="com.hg4hom.BubTest" name="testTS_1_232" time="0"/>
  <testcase classname="com.hg4hom.BubTest" name="testTS_1_233" time="0"/>
  <testcase classname="com.hg4hom.BubTest" name="testTS_1_234" time="0"/>
  <testcase classname="com.hg4hom.BubTest" name="testTS_1_235" time="0"/>
  <testcase classname="com.hg4hom.BubTest" name="testTS_1_236" time="0"/>
  <testcase classname="com.hg4hom.BubTest" name="testTS_1_237" time="0.001"/>
  <testcase classname="com.hg4hom.BubTest" name="testTS_1_238" time="0.001"/>
  <testcase classname="com.hg4hom.BubTest" name="testTS_1_239" time="0"/>
  <testcase classname="com.hg4hom.BubTest" name="testTS_1_240" time="0"/>
  <testcase classname="com.hg4hom.BubTest" name="testTS_1_241" time="0"/>
  <testcase classname="com.hg4hom.BubTest" name="testTS_1_242" time="0"/>
  <testcase classname="com.hg4hom.BubTest" name="testTS_1_243" time="0"/>
  <testcase classname="com.hg4hom.BubTest" name="testTS_1_244" time="0"/>
  <testcase classname="com.hg4hom.BubTest" name="testTS_1_245" time="0"/>
  <testcase classname="com.hg4hom.BubTest" name="testTS_1_246" time="0"/>
  <testcase classname="com.hg4hom.BubTest" name="testTS_1_247" time="0"/>
  <testcase classname="com.hg4hom.BubTest" name="testTS_1_248" time="0"/>
  <testcase classname="com.hg4hom.BubTest" name="testTS_1_249" time="0"/>
  <testcase classname="com.hg4hom.BubTest" name="testTS_1_250" time="0.001"/>
  <testcase classname="com.hg4hom.BubTest" name="testTS_1_251" time="0"/>
  <testcase classname="com.hg4hom.BubTest" name="testTS_1_252" time="0"/>
  <testcase classname="com.hg4hom.BubTest" name="testTS_1_253" time="0"/>
  <testcase classname="com.hg4hom.BubTest" name="testTS_1_254" time="0"/>
  <testcase classname="com.hg4hom.BubTest" name="testTS_1_255" time="0"/>
  <testcase classname="com.hg4hom.BubTest" name="testTS_1_256" time="0.001"/>
  <testcase classname="com.hg4hom.BubTest" name="testTS_1_1" time="0"/>
  <testcase classname="com.hg4hom.BubTest" name="testTS_1_2" time="0"/>
  <testcase classname="com.hg4hom.BubTest" name="testTS_1_3" time="0"/>
  <testcase classname="com.hg4hom.BubTest" name="testTS_1_4" time="0"/>
  <testcase classname="com.hg4hom.BubTest" name="testTS_1_5" time="0"/>
  <testcase classname="com.hg4hom.BubTest" name="testTS_1_6" time="0"/>
  <testcase classname="com.hg4hom.BubTest" name="testTS_1_7" time="0"/>
  <testcase classname="com.hg4hom.BubTest" name="testTS_1_8" time="0.001"/>
  <testcase classname="com.hg4hom.BubTest" name="testTS_1_9" time="0"/>
  <testcase classname="com.hg4hom.BubTest" name="testTS_1_10" time="0.001"/>
  <testcase classname="com.hg4hom.BubTest" name="testTS_1_11" time="0.001"/>
  <testcase classname="com.hg4hom.BubTest" name="testTS_1_12" time="0"/>
  <testcase classname="com.hg4hom.BubTest" name="testTS_1_13" time="0"/>
  <testcase classname="com.hg4hom.BubTest" name="testTS_1_14" time="0"/>
  <testcase classname="com.hg4hom.BubTest" name="testTS_1_15" time="0"/>
  <testcase classname="com.hg4hom.BubTest" name="testTS_1_16" time="0"/>
  <testcase classname="com.hg4hom.BubTest" name="testTS_1_17" time="0"/>
  <testcase classname="com.hg4hom.BubTest" name="testTS_1_18" time="0"/>
  <testcase classname="com.hg4hom.BubTest" name="testTS_1_19" time="0"/>
  <testcase classname="com.hg4hom.BubTest" name="testTS_1_20" time="0"/>
  <testcase classname="com.hg4hom.BubTest" name="testTS_1_21" time="0"/>
  <testcase classname="com.hg4hom.BubTest" name="testTS_1_22" time="0"/>
  <testcase classname="com.hg4hom.BubTest" name="testTS_1_23" time="0"/>
  <testcase classname="com.hg4hom.BubTest" name="testTS_1_24" time="0"/>
  <testcase classname="com.hg4hom.BubTest" name="testTS_1_25" time="0.001"/>
  <testcase classname="com.hg4hom.BubTest" name="testTS_1_26" time="0"/>
  <testcase classname="com.hg4hom.BubTest" name="testTS_1_27" time="0"/>
  <testcase classname="com.hg4hom.BubTest" name="testTS_1_28" time="0"/>
  <testcase classname="com.hg4hom.BubTest" name="testTS_1_29" time="0"/>
  <testcase classname="com.hg4hom.BubTest" name="testTS_1_30" time="0"/>
  <testcase classname="com.hg4hom.BubTest" name="testTS_1_31" time="0"/>
  <testcase classname="com.hg4hom.BubTest" name="testTS_1_32" time="0"/>
  <testcase classname="com.hg4hom.BubTest" name="testTS_1_33" time="0"/>
  <testcase classname="com.hg4hom.BubTest" name="testTS_1_34" time="0"/>
  <testcase classname="com.hg4hom.BubTest" name="testTS_1_35" time="0.001"/>
  <testcase classname="com.hg4hom.BubTest" name="testTS_1_36" time="0"/>
  <testcase classname="com.hg4hom.BubTest" name="testTS_1_37" time="0"/>
  <testcase classname="com.hg4hom.BubTest" name="testTS_1_38" time="0"/>
  <testcase classname="com.hg4hom.BubTest" name="testTS_1_39" time="0"/>
  <testcase classname="com.hg4hom.BubTest" name="testTS_1_40" time="0"/>
  <testcase classname="com.hg4hom.BubTest" name="testTS_1_41" time="0"/>
  <testcase classname="com.hg4hom.BubTest" name="testTS_1_42" time="0.001"/>
  <testcase classname="com.hg4hom.BubTest" name="testTS_1_43" time="0"/>
  <testcase classname="com.hg4hom.BubTest" name="testTS_1_44" time="0.001"/>
  <testcase classname="com.hg4hom.BubTest" name="testTS_1_45" time="0"/>
  <testcase classname="com.hg4hom.BubTest" name="testTS_1_46" time="0"/>
  <testcase classname="com.hg4hom.BubTest" name="testTS_1_47" time="0.001"/>
  <testcase classname="com.hg4hom.BubTest" name="testTS_1_48" time="0"/>
  <testcase classname="com.hg4hom.BubTest" name="testTS_1_49" time="0"/>
  <testcase classname="com.hg4hom.BubTest" name="testTS_1_50" time="0"/>
  <testcase classname="com.hg4hom.BubTest" name="testTS_1_51" time="0"/>
  <testcase classname="com.hg4hom.BubTest" name="testTS_1_52" time="0"/>
  <testcase classname="com.hg4hom.BubTest" name="testTS_1_53" time="0"/>
  <testcase classname="com.hg4hom.BubTest" name="testTS_1_54" time="0"/>
  <testcase classname="com.hg4hom.BubTest" name="testTS_1_55" time="0"/>
  <testcase classname="com.hg4hom.BubTest" name="testTS_1_56" time="0"/>
  <testcase classname="com.hg4hom.BubTest" name="testTS_1_57" time="0.001"/>
  <testcase classname="com.hg4hom.BubTest" name="testTS_1_58" time="0"/>
  <testcase classname="com.hg4hom.BubTest" name="testTS_1_59" time="0"/>
  <testcase classname="com.hg4hom.BubTest" name="testTS_1_60" time="0.001"/>
  <testcase classname="com.hg4hom.BubTest" name="testTS_1_61" time="0"/>
  <testcase classname="com.hg4hom.BubTest" name="testTS_1_62" time="0"/>
  <testcase classname="com.hg4hom.BubTest" name="testTS_1_63" time="0"/>
  <testcase classname="com.hg4hom.BubTest" name="testTS_1_64" time="0"/>
  <testcase classname="com.hg4hom.BubTest" name="testTS_1_65" time="0"/>
  <testcase classname="com.hg4hom.BubTest" name="testTS_1_66" time="0"/>
  <testcase classname="com.hg4hom.BubTest" name="testTS_1_67" time="0.001"/>
  <testcase classname="com.hg4hom.BubTest" name="testTS_1_68" time="0.002"/>
  <testcase classname="com.hg4hom.BubTest" name="testTS_1_69" time="0.001"/>
  <testcase classname="com.hg4hom.BubTest" name="testTS_1_70" time="0"/>
  <testcase classname="com.hg4hom.BubTest" name="testTS_1_71" time="0.001"/>
  <testcase classname="com.hg4hom.BubTest" name="testTS_1_72" time="0"/>
  <testcase classname="com.hg4hom.BubTest" name="testTS_1_73" time="0"/>
  <testcase classname="com.hg4hom.BubTest" name="testTS_1_74" time="0"/>
  <testcase classname="com.hg4hom.BubTest" name="testTS_1_75" time="0.001"/>
  <testcase classname="com.hg4hom.BubTest" name="testTS_1_76" time="0"/>
  <testcase classname="com.hg4hom.BubTest" name="testTS_1_77" time="0"/>
  <testcase classname="com.hg4hom.BubTest" name="testTS_1_78" time="0"/>
  <testcase classname="com.hg4hom.BubTest" name="testTS_1_79" time="0"/>
  <testcase classname="com.hg4hom.BubTest" name="testTS_1_80" time="0"/>
  <testcase classname="com.hg4hom.BubTest" name="testTS_1_81" time="0"/>
  <testcase classname="com.hg4hom.BubTest" name="testTS_1_82" time="0"/>
  <testcase classname="com.hg4hom.BubTest" name="testTS_1_83" time="0"/>
  <testcase classname="com.hg4hom.BubTest" name="testTS_1_84" time="0"/>
  <testcase classname="com.hg4hom.BubTest" name="testTS_1_85" time="0"/>
  <testcase classname="com.hg4hom.BubTest" name="testTS_1_86" time="0"/>
  <testcase classname="com.hg4hom.BubTest" name="testTS_1_87" time="0"/>
  <testcase classname="com.hg4hom.BubTest" name="testTS_1_88" time="0"/>
  <testcase classname="com.hg4hom.BubTest" name="testTS_1_89" time="0"/>
  <testcase classname="com.hg4hom.BubTest" name="testTS_1_90" time="0"/>
  <testcase classname="com.hg4hom.BubTest" name="testTS_1_91" time="0"/>
  <testcase classname="com.hg4hom.BubTest" name="testTS_1_92" time="0"/>
  <testcase classname="com.hg4hom.BubTest" name="testTS_1_93" time="0"/>
  <testcase classname="com.hg4hom.BubTest" name="testTS_1_94" time="0"/>
  <testcase classname="com.hg4hom.BubTest" name="testTS_1_95" time="0"/>
  <testcase classname="com.hg4hom.BubTest" name="testTS_1_96" time="0"/>
  <testcase classname="com.hg4hom.BubTest" name="testTS_1_97" time="0"/>
  <testcase classname="com.hg4hom.BubTest" name="testTS_1_98" time="0"/>
  <testcase classname="com.hg4hom.BubTest" name="testTS_1_99" time="0.001"/>
</testsuite>