<?xml version="1.0" encoding="UTF-8" ?>
<testsuite tests="114" failures="1" name="edu.uclm.esi.iso5.juegos.monopoly.dominio.TestSuite" time="0.184" errors="0" skipped="0">
  <properties>
    <property name="java.runtime.name" value="Java(TM) SE Runtime Environment"/>
    <property name="sun.boot.library.path" value="C:\Program Files\Java\jdk1.8.0_92\jre\bin"/>
    <property name="java.vm.version" value="25.92-b14"/>
    <property name="user.country.format" value="BR"/>
    <property name="java.vm.vendor" value="Oracle Corporation"/>
    <property name="java.vendor.url" value="http://java.oracle.com/"/>
    <property name="path.separator" value=";"/>
    <property name="guice.disable.misplaced.annotation.check" value="true"/>
    <property name="java.vm.name" value="Java HotSpot(TM) 64-Bit Server VM"/>
    <property name="file.encoding.pkg" value="sun.io"/>
    <property name="user.script" value=""/>
    <property name="user.country" value="US"/>
    <property name="sun.java.launcher" value="SUN_STANDARD"/>
    <property name="sun.os.patch.level" value=""/>
    <property name="java.vm.specification.name" value="Java Virtual Machine Specification"/>
    <property name="user.dir" value="C:\Users\jacksonpradolima\Documents\Bitbucket\hg4hom\maven\hg4hom\instances\monopoly"/>
    <property name="java.runtime.version" value="1.8.0_92-b14"/>
    <property name="java.awt.graphicsenv" value="sun.awt.Win32GraphicsEnvironment"/>
    <property name="java.endorsed.dirs" value="C:\Program Files\Java\jdk1.8.0_92\jre\lib\endorsed"/>
    <property name="os.arch" value="amd64"/>
    <property name="java.io.tmpdir" value="C:\Users\JACKSO~1\AppData\Local\Temp\"/>
    <property name="line.separator" value="
"/>
    <property name="java.vm.specification.vendor" value="Oracle Corporation"/>
    <property name="user.variant" value=""/>
    <property name="os.name" value="Windows 10"/>
    <property name="maven.ext.class.path" value="C:\Program Files\NetBeans 8.1\java\maven-nblib\netbeans-eventspy.jar"/>
    <property name="classworlds.conf" value="C:\Program Files\NetBeans 8.1\java\maven\bin\m2.conf"/>
    <property name="sun.jnu.encoding" value="Cp1252"/>
    <property name="java.library.path" value="C:\Program Files\Java\jdk1.8.0_92\bin;C:\WINDOWS\Sun\Java\bin;C:\WINDOWS\system32;C:\WINDOWS;C:\ProgramData\Oracle\Java\javapath;C:\WINDOWS\system32;C:\WINDOWS;C:\WINDOWS\System32\Wbem;C:\WINDOWS\System32\WindowsPowerShell\v1.0\;C:\Program Files\Java\jdk1.8.0_92;C:\texlive\2015\bin\win32;."/>
    <property name="java.specification.name" value="Java Platform API Specification"/>
    <property name="java.class.version" value="52.0"/>
    <property name="sun.management.compiler" value="HotSpot 64-Bit Tiered Compilers"/>
    <property name="os.version" value="10.0"/>
    <property name="user.home" value="C:\Users\jacksonpradolima"/>
    <property name="user.timezone" value="America/Sao_Paulo"/>
    <property name="java.awt.printerjob" value="sun.awt.windows.WPrinterJob"/>
    <property name="java.specification.version" value="1.8"/>
    <property name="file.encoding" value="UTF-8"/>
    <property name="user.name" value="jacksonpradolima"/>
    <property name="java.class.path" value="C:\Program Files\NetBeans 8.1\java\maven\boot\plexus-classworlds-2.4.jar"/>
    <property name="java.vm.specification.version" value="1.8"/>
    <property name="sun.arch.data.model" value="64"/>
    <property name="java.home" value="C:\Program Files\Java\jdk1.8.0_92\jre"/>
    <property name="sun.java.command" value="org.codehaus.plexus.classworlds.launcher.Launcher -Dmaven.ext.class.path=C:\Program Files\NetBeans 8.1\java\maven-nblib\netbeans-eventspy.jar -Dfile.encoding=UTF-8 clean install"/>
    <property name="java.specification.vendor" value="Oracle Corporation"/>
    <property name="user.language" value="en"/>
    <property name="user.language.format" value="pt"/>
    <property name="awt.toolkit" value="sun.awt.windows.WToolkit"/>
    <property name="java.vm.info" value="mixed mode"/>
    <property name="java.version" value="1.8.0_92"/>
    <property name="java.ext.dirs" value="C:\Program Files\Java\jdk1.8.0_92\jre\lib\ext;C:\WINDOWS\Sun\Java\lib\ext"/>
    <property name="sun.boot.class.path" value="C:\Program Files\Java\jdk1.8.0_92\jre\lib\resources.jar;C:\Program Files\Java\jdk1.8.0_92\jre\lib\rt.jar;C:\Program Files\Java\jdk1.8.0_92\jre\lib\sunrsasign.jar;C:\Program Files\Java\jdk1.8.0_92\jre\lib\jsse.jar;C:\Program Files\Java\jdk1.8.0_92\jre\lib\jce.jar;C:\Program Files\Java\jdk1.8.0_92\jre\lib\charsets.jar;C:\Program Files\Java\jdk1.8.0_92\jre\lib\jfr.jar;C:\Program Files\Java\jdk1.8.0_92\jre\classes"/>
    <property name="java.vendor" value="Oracle Corporation"/>
    <property name="maven.home" value="C:\Program Files\NetBeans 8.1\java\maven"/>
    <property name="file.separator" value="\"/>
    <property name="java.vendor.url.bug" value="http://bugreport.sun.com/bugreport/"/>
    <property name="sun.cpu.endian" value="little"/>
    <property name="sun.io.unicode.encoding" value="UnicodeLittle"/>
    <property name="sun.desktop" value="windows"/>
    <property name="sun.cpu.isalist" value="amd64"/>
  </properties>
  <testcase classname="edu.uclm.esi.iso5.juegos.monopoly.dominio.DadosTest" name="testTirarDados" time="0"/>
  <testcase classname="edu.uclm.esi.iso5.juegos.monopoly.dominio.TableroTest" name="testComenzarPartidaMuchosJugadores" time="0"/>
  <testcase classname="edu.uclm.esi.iso5.juegos.monopoly.dominio.TableroTest" name="testTablero" time="0.001"/>
  <testcase classname="edu.uclm.esi.iso5.juegos.monopoly.dominio.TableroTest" name="testPasarPruebaDeSaltoPorLaSalida" time="0"/>
  <testcase classname="edu.uclm.esi.iso5.juegos.monopoly.dominio.TableroTest" name="testEjercicio3" time="0"/>
  <testcase classname="edu.uclm.esi.iso5.juegos.monopoly.dominio.TableroTest" name="testTableroNegativo" time="0.001"/>
  <testcase classname="edu.uclm.esi.iso5.juegos.monopoly.dominio.TableroTest" name="testComenzarPartidaPocosJugadores" time="0"/>
  <testcase classname="edu.uclm.esi.iso5.juegos.monopoly.dominio.TableroTest" name="testComenzarPartida" time="0.001"/>
  <testcase classname="edu.uclm.esi.iso5.juegos.monopoly.dominio.TableroTest" name="testPartida1" time="0"/>
  <testcase classname="edu.uclm.esi.iso5.juegos.monopoly.dominio.TableroTest" name="testPreciosDeCalles" time="0"/>
  <testcase classname="edu.uclm.esi.iso5.juegos.monopoly.dominio.TableroTestPartida1" name="testPruebaDeDeudaConParking" time="0.001"/>
  <testcase classname="edu.uclm.esi.iso5.juegos.monopoly.dominio.TableroTestPartida1" name="test1" time="0.001"/>
  <testcase classname="edu.uclm.esi.iso5.juegos.monopoly.dominio.TableroTestPartida1" name="test2" time="0"/>
  <testcase classname="edu.uclm.esi.iso5.juegos.monopoly.dominio.TableroTestPartida1" name="test3" time="0"/>
  <testcase classname="edu.uclm.esi.iso5.juegos.monopoly.dominio.TableroTestPartida1" name="test4" time="0.003"/>
  <testcase classname="edu.uclm.esi.iso5.juegos.monopoly.dominio.TableroTestPartida1" name="testToStrings" time="0.003"/>
  <testcase classname="edu.uclm.esi.iso5.juegos.monopoly.dominio.TableroTestPartida2" name="testDevolverEdificaciones" time="0"/>
  <testcase classname="edu.uclm.esi.iso5.juegos.monopoly.dominio.TableroTestPartida2" name="test0" time="0"/>
  <testcase classname="edu.uclm.esi.iso5.juegos.monopoly.dominio.TableroTestPartida2" name="testCompania" time="0"/>
  <testcase classname="edu.uclm.esi.iso5.juegos.monopoly.dominio.TestCubrirTodos" name="testToStringJugador" time="0"/>
  <testcase classname="edu.uclm.esi.iso5.juegos.monopoly.dominio.TestCubrirTodos" name="testCP6Jugadores" time="0"/>
  <testcase classname="edu.uclm.esi.iso5.juegos.monopoly.dominio.TestCubrirTodos" name="testQuitar2CasasTeniendo4" time="0"/>
  <testcase classname="edu.uclm.esi.iso5.juegos.monopoly.dominio.TestCubrirTodos" name="testComprarCarcel" time="0"/>
  <testcase classname="edu.uclm.esi.iso5.juegos.monopoly.dominio.TestCubrirTodos" name="testQuitar2CasasTeniendo4Neg" time="0"/>
  <testcase classname="edu.uclm.esi.iso5.juegos.monopoly.dominio.TestCubrirTodos" name="testDeudaImporteNegativo2" time="0"/>
  <testcase classname="edu.uclm.esi.iso5.juegos.monopoly.dominio.TestCubrirTodos" name="testMoverJugadorNoIncidencias" time="0"/>
  <testcase classname="edu.uclm.esi.iso5.juegos.monopoly.dominio.TestCubrirTodos" name="testTirarDadosException" time="0"/>
  <testcase classname="edu.uclm.esi.iso5.juegos.monopoly.dominio.TestCubrirTodos" name="testHipotecarParaPArking" time="0.001"/>
  <testcase classname="edu.uclm.esi.iso5.juegos.monopoly.dominio.TestCubrirTodos" name="testPierdeJugador" time="0"/>
  <testcase classname="edu.uclm.esi.iso5.juegos.monopoly.dominio.TestCubrirTodos" name="testGanaJugador" time="0.009"/>
  <testcase classname="edu.uclm.esi.iso5.juegos.monopoly.dominio.TestEjerciciosMuchasTarjetas" name="testEjercicio10" time="0"/>
  <testcase classname="edu.uclm.esi.iso5.juegos.monopoly.dominio.TestEjerciciosMuchasTarjetas" name="testAddTarjeta" time="0"/>
  <testcase classname="edu.uclm.esi.iso5.juegos.monopoly.dominio.TestEjerciciosYo" name="testEjercicio10" time="0.001"/>
  <testcase classname="edu.uclm.esi.iso5.juegos.monopoly.dominio.TestEjerciciosYo" name="testEjercicio2" time="0.001"/>
  <testcase classname="edu.uclm.esi.iso5.juegos.monopoly.dominio.TestEjerciciosYo" name="testEjercicio3" time="0"/>
  <testcase classname="edu.uclm.esi.iso5.juegos.monopoly.dominio.TestEjerciciosYo" name="testEjercicio4" time="0.002"/>
  <testcase classname="edu.uclm.esi.iso5.juegos.monopoly.dominio.TestEjerciciosYo" name="testEjercicio5" time="0"/>
  <testcase classname="edu.uclm.esi.iso5.juegos.monopoly.dominio.TestEjerciciosYo" name="testEjercicio6" time="0.001"/>
  <testcase classname="edu.uclm.esi.iso5.juegos.monopoly.dominio.TestEjerciciosYo" name="testEjercicio7" time="0"/>
  <testcase classname="edu.uclm.esi.iso5.juegos.monopoly.dominio.TestEjerciciosYo" name="testEjercicio8" time="0.003"/>
  <testcase classname="edu.uclm.esi.iso5.juegos.monopoly.dominio.TestEjerciciosYo" name="testEjercicio9" time="0"/>
  <testcase classname="edu.uclm.esi.iso5.juegos.monopoly.dominio.TestEjerciciosYo" name="test1" time="0"/>
  <testcase classname="edu.uclm.esi.iso5.juegos.monopoly.dominio.TestPartida3" name="testPruebaDeDeudaConParking" time="0"/>
  <testcase classname="edu.uclm.esi.iso5.juegos.monopoly.dominio.TestTablero1" name="test3TS_2_3" time="0.004"/>
  <testcase classname="edu.uclm.esi.iso5.juegos.monopoly.dominio.TestTablero1" name="test4TS_2_4" time="0"/>
  <testcase classname="edu.uclm.esi.iso5.juegos.monopoly.dominio.TestTablero1" name="test5TS_2_5" time="0"/>
  <testcase classname="edu.uclm.esi.iso5.juegos.monopoly.dominio.TestTablero1" name="test1TS_2_1" time="0"/>
  <testcase classname="edu.uclm.esi.iso5.juegos.monopoly.dominio.TestTablero1" name="test6TS_2_6" time="0"/>
  <testcase classname="edu.uclm.esi.iso5.juegos.monopoly.dominio.TestTablero1" name="test2TS_2_2" time="0"/>
  <testcase classname="edu.uclm.esi.iso5.juegos.monopoly.dominio.TestTablero1" name="test7TS_2_7" time="0"/>
  <testcase classname="edu.uclm.esi.iso5.juegos.monopoly.dominio.TestTablero1GetTarjetas" name="test3TS_2_3" time="0"/>
  <testcase classname="edu.uclm.esi.iso5.juegos.monopoly.dominio.TestTablero1GetTarjetas" name="test4TS_2_4" time="0"/>
  <testcase classname="edu.uclm.esi.iso5.juegos.monopoly.dominio.TestTablero1GetTarjetas" name="test5TS_2_5" time="0"/>
  <testcase classname="edu.uclm.esi.iso5.juegos.monopoly.dominio.TestTablero1GetTarjetas" name="test1TS_2_1" time="0.008"/>
  <testcase classname="edu.uclm.esi.iso5.juegos.monopoly.dominio.TestTablero1GetTarjetas" name="test6TS_2_6" time="0"/>
  <testcase classname="edu.uclm.esi.iso5.juegos.monopoly.dominio.TestTablero1GetTarjetas" name="test2TS_2_2" time="0"/>
  <testcase classname="edu.uclm.esi.iso5.juegos.monopoly.dominio.TestTablero1GetTarjetas" name="test7TS_2_7" time="0"/>
  <testcase classname="edu.uclm.esi.iso5.juegos.monopoly.dominio.TestsMatarCubiertos" name="testPagarDeuda" time="0"/>
  <testcase classname="edu.uclm.esi.iso5.juegos.monopoly.dominio.TestsMatarCubiertos" name="testDevolverEdificacionPosCasillaNegativo" time="0.002"/>
  <testcase classname="edu.uclm.esi.iso5.juegos.monopoly.dominio.TestsMatarCubiertos" name="testPierdeJugador3Jugadores" time="0"/>
  <testcase classname="edu.uclm.esi.iso5.juegos.monopoly.dominio.TestsMatarCubiertos" name="testPagarAJusto" time="0"/>
  <testcase classname="edu.uclm.esi.iso5.juegos.monopoly.dominio.TestsMatarCubiertos" name="testLevantarHipotecaSinCapital" time="0.004"/>
  <testcase classname="edu.uclm.esi.iso5.juegos.monopoly.dominio.TestsMatarCubiertos" name="testPagarPorSalirDELaCarcelPocoCapital" time="0"/>
  <testcase classname="edu.uclm.esi.iso5.juegos.monopoly.dominio.TestsMatarCubiertos" name="testHipotecarCalleHipotecada" time="0.001"/>
  <testcase classname="edu.uclm.esi.iso5.juegos.monopoly.dominio.TestsMatarCubiertos" name="testEdificarPosCasillaNegativo" time="0"/>
  <testcase classname="edu.uclm.esi.iso5.juegos.monopoly.dominio.TestsMatarCubiertos" name="testComprarCasilla" time="0.001"/>
  <testcase classname="edu.uclm.esi.iso5.juegos.monopoly.dominio.TestsMatarCubiertos" name="testDevolverTarjeta" time="0"/>
  <testcase classname="edu.uclm.esi.iso5.juegos.monopoly.dominio.TestsMatarCubiertos" name="testEdificarNCasasNegativo" time="0"/>
  <testcase classname="edu.uclm.esi.iso5.juegos.monopoly.dominio.TestsMatarCubiertos" name="testPagarPorSalirDELaCarcelSinEstar" time="0.001"/>
  <testcase classname="edu.uclm.esi.iso5.juegos.monopoly.dominio.TestsMatarCubiertos" name="testCojerTarjeta" time="0"/>
  <testcase classname="edu.uclm.esi.iso5.juegos.monopoly.dominio.TestsMatarCubiertos" name="testCalle" time="0"/>
  <testcase classname="edu.uclm.esi.iso5.juegos.monopoly.dominio.TestsMatarCubiertos" name="testSetDAdosConDEudaDeBanca" time="0.001"/>
  <testcase classname="edu.uclm.esi.iso5.juegos.monopoly.dominio.TestsMatarCubiertos" name="testComprarJusto" time="0"/>
  <testcase classname="edu.uclm.esi.iso5.juegos.monopoly.dominio.TestsMatarCubiertos" name="testGetTasasCalle" time="0"/>
  <testcase classname="edu.uclm.esi.iso5.juegos.monopoly.dominio.TestsMatarCubiertos" name="testTarjetaVayaALaCarcel" time="0.001"/>
  <testcase classname="edu.uclm.esi.iso5.juegos.monopoly.dominio.TestsMatarCubiertos" name="testSetDeudaConBancaNegativa" time="0"/>
  <testcase classname="edu.uclm.esi.iso5.juegos.monopoly.dominio.TestsMatarCubiertos" name="testPuedeHipotecarCantidadNegativa" time="0"/>
  <testcase classname="edu.uclm.esi.iso5.juegos.monopoly.dominio.TestsMatarCubiertos" name="testGetTasasNegativasPierde" time="0"/>
  <testcase classname="edu.uclm.esi.iso5.juegos.monopoly.dominio.TestsMatarCubiertos" name="testAddToParkingNegativo" time="0"/>
  <testcase classname="edu.uclm.esi.iso5.juegos.monopoly.dominio.TestsMatarCubiertos" name="testAddJugadorConPArtidaEmpezada" time="0"/>
  <testcase classname="edu.uclm.esi.iso5.juegos.monopoly.dominio.TestsMatarCubiertos" name="testBarrioNumeroCasasNegativo" time="0"/>
  <testcase classname="edu.uclm.esi.iso5.juegos.monopoly.dominio.TestsMatarCubiertos" name="testGetTasasNegativas" time="0"/>
  <testcase classname="edu.uclm.esi.iso5.juegos.monopoly.dominio.TestsMatarCubiertos" name="testOperacionesQuedaLibre" time="0"/>
  <testcase classname="edu.uclm.esi.iso5.juegos.monopoly.dominio.TestsMatarCubiertos" name="testQuitarCasaNumeroNegativo" time="0"/>
  <testcase classname="edu.uclm.esi.iso5.juegos.monopoly.dominio.TestsMatarCubiertos" name="testTarjetaPagarMismoCapital" time="0.001"/>
  <testcase classname="edu.uclm.esi.iso5.juegos.monopoly.dominio.TestsMatarCubiertos" name="testLevantarHipotecaDeCasillaConPrecioNegativo" time="0"/>
  <testcase classname="edu.uclm.esi.iso5.juegos.monopoly.dominio.TestsMatarCubiertos" name="testEdificarNCasasNegativoPocoCapital" time="0"/>
  <testcase classname="edu.uclm.esi.iso5.juegos.monopoly.dominio.TestsMatarCubiertos" name="testEdificarConCalleHipotecada" time="0.001"/>
  <testcase classname="edu.uclm.esi.iso5.juegos.monopoly.dominio.TestsMatarCubiertos" name="testLevantarHipotecaDeCasillaNoHipotecada" time="0"/>
  <testcase classname="edu.uclm.esi.iso5.juegos.monopoly.dominio.TestsMatarCubiertos" name="testPuedeHipotecarCapitalNegativo" time="0"/>
  <testcase classname="edu.uclm.esi.iso5.juegos.monopoly.dominio.TestsMatarCubiertos" name="testTarjetaPagarMenorCapital" time="0"/>
  <testcase classname="edu.uclm.esi.iso5.juegos.monopoly.dominio.TestsMatarCubiertos" name="testEdificarCapitalJusto" time="0"/>
  <testcase classname="edu.uclm.esi.iso5.juegos.monopoly.dominio.TestsMatarCubiertos" name="testSuspenderTurnosNegativo" time="0"/>
  <testcase classname="edu.uclm.esi.iso5.juegos.monopoly.dominio.TestsMatarCubiertos" name="testPuedeHipotecarJusto" time="0"/>
  <testcase classname="edu.uclm.esi.iso5.juegos.monopoly.dominio.TestsMatarCubiertos" name="testDeudaImporteNegativo" time="0"/>
  <testcase classname="edu.uclm.esi.iso5.juegos.monopoly.dominio.TestsMatarCubiertos" name="testDTSDLC" time="0"/>
  <testcase classname="edu.uclm.esi.iso5.juegos.monopoly.dominio.TestsMatarCubiertos" name="testDevolverEdificacionNCasasNegativo" time="0.001"/>
  <testcase classname="edu.uclm.esi.iso5.juegos.monopoly.dominio.TestsMatarCubiertos" name="testEdificarNumeroNegativo" time="0"/>
  <testcase classname="edu.uclm.esi.iso5.juegos.monopoly.dominio.TestsMatarCubiertos" name="testDTSDLCsinTarjeta" time="0"/>
  <testcase classname="edu.uclm.esi.iso5.juegos.monopoly.dominio.TestsMatarCubiertos" name="testGetTasasCompania" time="0.001"/>
  <testcase classname="edu.uclm.esi.iso5.juegos.monopoly.dominio.TestsMatarCubiertos" name="testTarjetasImporteNegativo" time="0"/>
  <testcase classname="edu.uclm.esi.iso5.juegos.monopoly.dominio.TestsMatarCubiertos" name="testCasillaIrAlaCarcel" time="0"/>
  <testcase classname="edu.uclm.esi.iso5.juegos.monopoly.dominio.TestsMatarCubiertos" name="testPagarDeudaConBanca" time="0"/>
  <testcase classname="edu.uclm.esi.iso5.juegos.monopoly.dominio.TestsMatarCubiertos" name="testPierdeJugador" time="0"/>
  <testcase classname="edu.uclm.esi.iso5.juegos.monopoly.dominio.TestsMatarCubiertos" name="testPopTarjeta" time="0"/>
  <testcase classname="edu.uclm.esi.iso5.juegos.monopoly.dominio.TestsParaCubrirMutantes" name="testTieneDeuda" time="0.001"/>
  <testcase classname="edu.uclm.esi.iso5.juegos.monopoly.dominio.TestsParaCubrirMutantes" name="testLevantarHipoteca" time="0"/>
  <testcase classname="edu.uclm.esi.iso5.juegos.monopoly.dominio.TestsParaCubrirMutantes" name="testSaltarExceptionCapitalInsuficiente" time="0"/>
  <testcase classname="edu.uclm.esi.iso5.juegos.monopoly.dominio.TestsParaCubrirMutantes" name="testGetTasasConMuchasEstaciones" time="0.001"/>
  <testcase classname="edu.uclm.esi.iso5.juegos.monopoly.dominio.TestsParaCubrirMutantes" name="testToStringJugadorConMuchasTarjetas" time="0"/>
  <testcase classname="edu.uclm.esi.iso5.juegos.monopoly.dominio.TestsParaCubrirMutantes" name="testDevolverEdficacionExceptions" time="0"/>
  <testcase classname="edu.uclm.esi.iso5.juegos.monopoly.dominio.TestsParaCubrirMutantes" name="testComprarCasillaNoComprable" time="0"/>
  <testcase classname="edu.uclm.esi.iso5.juegos.monopoly.dominio.TestsParaCubrirMutantes" name="testTirarDadosConException" time="0"/>
  <testcase classname="edu.uclm.esi.iso5.juegos.monopoly.dominio.TestsParaCubrirMutantes" name="testTirarDados" time="0.045">
    <failure type="junit.framework.AssertionFailedError">junit.framework.AssertionFailedError
	at junit.framework.Assert.fail(Assert.java:55)
	at junit.framework.Assert.assertTrue(Assert.java:22)
	at junit.framework.Assert.assertTrue(Assert.java:31)
	at junit.framework.TestCase.assertTrue(TestCase.java:201)
	at edu.uclm.esi.iso5.juegos.monopoly.dominio.TestsParaCubrirMutantes.testTirarDados(TestsParaCubrirMutantes.java:253)
	at sun.reflect.NativeMethodAccessorImpl.invoke0(Native Method)
	at sun.reflect.NativeMethodAccessorImpl.invoke(NativeMethodAccessorImpl.java:62)
	at sun.reflect.DelegatingMethodAccessorImpl.invoke(DelegatingMethodAccessorImpl.java:43)
	at java.lang.reflect.Method.invoke(Method.java:498)
	at junit.framework.TestCase.runTest(TestCase.java:176)
	at junit.framework.TestCase.runBare(TestCase.java:141)
	at junit.framework.TestResult$1.protect(TestResult.java:122)
	at junit.framework.TestResult.runProtected(TestResult.java:142)
	at junit.framework.TestResult.run(TestResult.java:125)
	at junit.framework.TestCase.run(TestCase.java:129)
	at junit.framework.TestSuite.runTest(TestSuite.java:252)
	at junit.framework.TestSuite.run(TestSuite.java:247)
	at org.junit.internal.runners.JUnit38ClassRunner.run(JUnit38ClassRunner.java:86)
	at org.junit.runners.Suite.runChild(Suite.java:128)
	at org.junit.runners.Suite.runChild(Suite.java:27)
	at org.junit.runners.ParentRunner$3.run(ParentRunner.java:290)
	at org.junit.runners.ParentRunner$1.schedule(ParentRunner.java:71)
	at org.junit.runners.ParentRunner.runChildren(ParentRunner.java:288)
	at org.junit.runners.ParentRunner.access$000(ParentRunner.java:58)
	at org.junit.runners.ParentRunner$2.evaluate(ParentRunner.java:268)
	at org.junit.runners.ParentRunner.run(ParentRunner.java:363)
	at org.apache.maven.surefire.junit4.JUnit4TestSet.execute(JUnit4TestSet.java:53)
	at org.apache.maven.surefire.junit4.JUnit4Provider.executeTestSet(JUnit4Provider.java:123)
	at org.apache.maven.surefire.junit4.JUnit4Provider.invoke(JUnit4Provider.java:104)
	at sun.reflect.NativeMethodAccessorImpl.invoke0(Native Method)
	at sun.reflect.NativeMethodAccessorImpl.invoke(NativeMethodAccessorImpl.java:62)
	at sun.reflect.DelegatingMethodAccessorImpl.invoke(DelegatingMethodAccessorImpl.java:43)
	at java.lang.reflect.Method.invoke(Method.java:498)
	at org.apache.maven.surefire.util.ReflectionUtils.invokeMethodWithArray(ReflectionUtils.java:164)
	at org.apache.maven.surefire.booter.ProviderFactory$ProviderProxy.invoke(ProviderFactory.java:110)
	at org.apache.maven.surefire.booter.SurefireStarter.invokeProvider(SurefireStarter.java:175)
	at org.apache.maven.surefire.booter.SurefireStarter.runSuitesInProcessWhenForked(SurefireStarter.java:107)
	at org.apache.maven.surefire.booter.ForkedBooter.main(ForkedBooter.java:68)
</failure>
    <system-err>java.lang.reflect.InvocationTargetException
	at sun.reflect.NativeMethodAccessorImpl.invoke0(Native Method)
	at sun.reflect.NativeMethodAccessorImpl.invoke(NativeMethodAccessorImpl.java:62)
	at sun.reflect.DelegatingMethodAccessorImpl.invoke(DelegatingMethodAccessorImpl.java:43)
	at java.lang.reflect.Method.invoke(Method.java:498)
	at edu.uclm.esi.iso5.juegos.monopoly.dominio.TestsParaCubrirMutantes.testTirarDados(TestsParaCubrirMutantes.java:248)
	at sun.reflect.NativeMethodAccessorImpl.invoke0(Native Method)
	at sun.reflect.NativeMethodAccessorImpl.invoke(NativeMethodAccessorImpl.java:62)
	at sun.reflect.DelegatingMethodAccessorImpl.invoke(DelegatingMethodAccessorImpl.java:43)
	at java.lang.reflect.Method.invoke(Method.java:498)
	at junit.framework.TestCase.runTest(TestCase.java:176)
	at junit.framework.TestCase.runBare(TestCase.java:141)
	at junit.framework.TestResult$1.protect(TestResult.java:122)
	at junit.framework.TestResult.runProtected(TestResult.java:142)
	at junit.framework.TestResult.run(TestResult.java:125)
	at junit.framework.TestCase.run(TestCase.java:129)
	at junit.framework.TestSuite.runTest(TestSuite.java:252)
	at junit.framework.TestSuite.run(TestSuite.java:247)
	at org.junit.internal.runners.JUnit38ClassRunner.run(JUnit38ClassRunner.java:86)
	at org.junit.runners.Suite.runChild(Suite.java:128)
	at org.junit.runners.Suite.runChild(Suite.java:27)
	at org.junit.runners.ParentRunner$3.run(ParentRunner.java:290)
	at org.junit.runners.ParentRunner$1.schedule(ParentRunner.java:71)
	at org.junit.runners.ParentRunner.runChildren(ParentRunner.java:288)
	at org.junit.runners.ParentRunner.access$000(ParentRunner.java:58)
	at org.junit.runners.ParentRunner$2.evaluate(ParentRunner.java:268)
	at org.junit.runners.ParentRunner.run(ParentRunner.java:363)
	at org.apache.maven.surefire.junit4.JUnit4TestSet.execute(JUnit4TestSet.java:53)
	at org.apache.maven.surefire.junit4.JUnit4Provider.executeTestSet(JUnit4Provider.java:123)
	at org.apache.maven.surefire.junit4.JUnit4Provider.invoke(JUnit4Provider.java:104)
	at sun.reflect.NativeMethodAccessorImpl.invoke0(Native Method)
	at sun.reflect.NativeMethodAccessorImpl.invoke(NativeMethodAccessorImpl.java:62)
	at sun.reflect.DelegatingMethodAccessorImpl.invoke(DelegatingMethodAccessorImpl.java:43)
	at java.lang.reflect.Method.invoke(Method.java:498)
	at org.apache.maven.surefire.util.ReflectionUtils.invokeMethodWithArray(ReflectionUtils.java:164)
	at org.apache.maven.surefire.booter.ProviderFactory$ProviderProxy.invoke(ProviderFactory.java:110)
	at org.apache.maven.surefire.booter.SurefireStarter.invokeProvider(SurefireStarter.java:175)
	at org.apache.maven.surefire.booter.SurefireStarter.runSuitesInProcessWhenForked(SurefireStarter.java:107)
	at org.apache.maven.surefire.booter.ForkedBooter.main(ForkedBooter.java:68)
Caused by: java.lang.ArrayIndexOutOfBoundsException: -1
	at java.util.Vector.elementData(Vector.java:734)
	at java.util.Vector.get(Vector.java:750)
	at edu.uclm.esi.iso5.juegos.monopoly.dominio.Tablero.popTarjeta(Tablero.java:308)
	at edu.uclm.esi.iso5.juegos.monopoly.dominio.Suerte.operaciones(Suerte.java:17)
	at edu.uclm.esi.iso5.juegos.monopoly.dominio.Casilla.add(Casilla.java:38)
	at edu.uclm.esi.iso5.juegos.monopoly.dominio.Jugador.avanzar(Jugador.java:171)
	at edu.uclm.esi.iso5.juegos.monopoly.dominio.Jugador.setDados(Jugador.java:120)
	at edu.uclm.esi.iso5.juegos.monopoly.dominio.Jugador.tirarDados(Jugador.java:60)
	... 38 more
</system-err>
  </testcase>
</testsuite>