<?xml version="1.0" encoding="UTF-8" ?>
<testsuite tests="96" failures="0" name="com.hg4hom.FourballsTest" time="0.206" errors="0" skipped="0">
  <properties>
    <property name="java.runtime.name" value="Java(TM) SE Runtime Environment"/>
    <property name="sun.boot.library.path" value="C:\Program Files\Java\jdk1.8.0_92\jre\bin"/>
    <property name="java.vm.version" value="25.92-b14"/>
    <property name="user.country.format" value="BR"/>
    <property name="java.vm.vendor" value="Oracle Corporation"/>
    <property name="java.vendor.url" value="http://java.oracle.com/"/>
    <property name="path.separator" value=";"/>
    <property name="guice.disable.misplaced.annotation.check" value="true"/>
    <property name="java.vm.name" value="Java HotSpot(TM) 64-Bit Server VM"/>
    <property name="file.encoding.pkg" value="sun.io"/>
    <property name="user.script" value=""/>
    <property name="user.country" value="US"/>
    <property name="sun.java.launcher" value="SUN_STANDARD"/>
    <property name="sun.os.patch.level" value=""/>
    <property name="java.vm.specification.name" value="Java Virtual Machine Specification"/>
    <property name="user.dir" value="C:\Users\jacksonpradolima\Documents\Bitbucket\hg4hom\maven\hg4hom\instances\fourballs"/>
    <property name="java.runtime.version" value="1.8.0_92-b14"/>
    <property name="java.awt.graphicsenv" value="sun.awt.Win32GraphicsEnvironment"/>
    <property name="java.endorsed.dirs" value="C:\Program Files\Java\jdk1.8.0_92\jre\lib\endorsed"/>
    <property name="os.arch" value="amd64"/>
    <property name="java.io.tmpdir" value="C:\Users\JACKSO~1\AppData\Local\Temp\"/>
    <property name="line.separator" value="
"/>
    <property name="java.vm.specification.vendor" value="Oracle Corporation"/>
    <property name="user.variant" value=""/>
    <property name="os.name" value="Windows 10"/>
    <property name="maven.ext.class.path" value="C:\Program Files\NetBeans 8.1\java\maven-nblib\netbeans-eventspy.jar"/>
    <property name="classworlds.conf" value="C:\Program Files\NetBeans 8.1\java\maven\bin\m2.conf"/>
    <property name="sun.jnu.encoding" value="Cp1252"/>
    <property name="java.library.path" value="C:\Program Files\Java\jdk1.8.0_92\bin;C:\WINDOWS\Sun\Java\bin;C:\WINDOWS\system32;C:\WINDOWS;C:\ProgramData\Oracle\Java\javapath;C:\WINDOWS\system32;C:\WINDOWS;C:\WINDOWS\System32\Wbem;C:\WINDOWS\System32\WindowsPowerShell\v1.0\;C:\Program Files\Java\jdk1.8.0_92;C:\texlive\2015\bin\win32;."/>
    <property name="java.specification.name" value="Java Platform API Specification"/>
    <property name="java.class.version" value="52.0"/>
    <property name="sun.management.compiler" value="HotSpot 64-Bit Tiered Compilers"/>
    <property name="os.version" value="10.0"/>
    <property name="user.home" value="C:\Users\jacksonpradolima"/>
    <property name="user.timezone" value="America/Sao_Paulo"/>
    <property name="java.awt.printerjob" value="sun.awt.windows.WPrinterJob"/>
    <property name="java.specification.version" value="1.8"/>
    <property name="file.encoding" value="UTF-8"/>
    <property name="user.name" value="jacksonpradolima"/>
    <property name="java.class.path" value="C:\Program Files\NetBeans 8.1\java\maven\boot\plexus-classworlds-2.4.jar"/>
    <property name="java.vm.specification.version" value="1.8"/>
    <property name="sun.arch.data.model" value="64"/>
    <property name="java.home" value="C:\Program Files\Java\jdk1.8.0_92\jre"/>
    <property name="sun.java.command" value="org.codehaus.plexus.classworlds.launcher.Launcher -Dmaven.ext.class.path=C:\Program Files\NetBeans 8.1\java\maven-nblib\netbeans-eventspy.jar -Dfile.encoding=UTF-8 clean install"/>
    <property name="java.specification.vendor" value="Oracle Corporation"/>
    <property name="user.language" value="en"/>
    <property name="user.language.format" value="pt"/>
    <property name="awt.toolkit" value="sun.awt.windows.WToolkit"/>
    <property name="java.vm.info" value="mixed mode"/>
    <property name="java.version" value="1.8.0_92"/>
    <property name="java.ext.dirs" value="C:\Program Files\Java\jdk1.8.0_92\jre\lib\ext;C:\WINDOWS\Sun\Java\lib\ext"/>
    <property name="sun.boot.class.path" value="C:\Program Files\Java\jdk1.8.0_92\jre\lib\resources.jar;C:\Program Files\Java\jdk1.8.0_92\jre\lib\rt.jar;C:\Program Files\Java\jdk1.8.0_92\jre\lib\sunrsasign.jar;C:\Program Files\Java\jdk1.8.0_92\jre\lib\jsse.jar;C:\Program Files\Java\jdk1.8.0_92\jre\lib\jce.jar;C:\Program Files\Java\jdk1.8.0_92\jre\lib\charsets.jar;C:\Program Files\Java\jdk1.8.0_92\jre\lib\jfr.jar;C:\Program Files\Java\jdk1.8.0_92\jre\classes"/>
    <property name="java.vendor" value="Oracle Corporation"/>
    <property name="maven.home" value="C:\Program Files\NetBeans 8.1\java\maven"/>
    <property name="file.separator" value="\"/>
    <property name="java.vendor.url.bug" value="http://bugreport.sun.com/bugreport/"/>
    <property name="sun.cpu.endian" value="little"/>
    <property name="sun.io.unicode.encoding" value="UnicodeLittle"/>
    <property name="sun.desktop" value="windows"/>
    <property name="sun.cpu.isalist" value="amd64"/>
  </properties>
  <testcase classname="com.hg4hom.FourballsTest" name="testTS_1_1" time="0.007"/>
  <testcase classname="com.hg4hom.FourballsTest" name="testTS_1_2" time="0"/>
  <testcase classname="com.hg4hom.FourballsTest" name="testTS_1_3" time="0"/>
  <testcase classname="com.hg4hom.FourballsTest" name="testTS_1_4" time="0"/>
  <testcase classname="com.hg4hom.FourballsTest" name="testTS_1_5" time="0"/>
  <testcase classname="com.hg4hom.FourballsTest" name="testTS_1_6" time="0"/>
  <testcase classname="com.hg4hom.FourballsTest" name="testTS_1_7" time="0.001"/>
  <testcase classname="com.hg4hom.FourballsTest" name="testTS_1_8" time="0"/>
  <testcase classname="com.hg4hom.FourballsTest" name="testTS_1_9" time="0"/>
  <testcase classname="com.hg4hom.FourballsTest" name="testTS_1_10" time="0"/>
  <testcase classname="com.hg4hom.FourballsTest" name="testTS_1_11" time="0"/>
  <testcase classname="com.hg4hom.FourballsTest" name="testTS_1_12" time="0.001"/>
  <testcase classname="com.hg4hom.FourballsTest" name="testTS_1_13" time="0"/>
  <testcase classname="com.hg4hom.FourballsTest" name="testTS_1_14" time="0"/>
  <testcase classname="com.hg4hom.FourballsTest" name="testTS_1_15" time="0"/>
  <testcase classname="com.hg4hom.FourballsTest" name="testTS_1_16" time="0"/>
  <testcase classname="com.hg4hom.FourballsTest" name="testTS_1_17" time="0"/>
  <testcase classname="com.hg4hom.FourballsTest" name="testTS_1_18" time="0.001"/>
  <testcase classname="com.hg4hom.FourballsTest" name="testTS_1_19" time="0"/>
  <testcase classname="com.hg4hom.FourballsTest" name="testTS_1_20" time="0.001"/>
  <testcase classname="com.hg4hom.FourballsTest" name="testTS_1_21" time="0"/>
  <testcase classname="com.hg4hom.FourballsTest" name="testTS_1_22" time="0"/>
  <testcase classname="com.hg4hom.FourballsTest" name="testTS_1_23" time="0"/>
  <testcase classname="com.hg4hom.FourballsTest" name="testTS_1_24" time="0"/>
  <testcase classname="com.hg4hom.FourballsTest" name="testTS_1_25" time="0"/>
  <testcase classname="com.hg4hom.FourballsTest" name="testTS_1_26" time="0"/>
  <testcase classname="com.hg4hom.FourballsTest" name="testTS_1_27" time="0"/>
  <testcase classname="com.hg4hom.FourballsTest" name="testTS_1_28" time="0"/>
  <testcase classname="com.hg4hom.FourballsTest" name="testTS_1_29" time="0"/>
  <testcase classname="com.hg4hom.FourballsTest" name="testTS_1_30" time="0"/>
  <testcase classname="com.hg4hom.FourballsTest" name="testTS_1_31" time="0"/>
  <testcase classname="com.hg4hom.FourballsTest" name="testTS_1_32" time="0.003"/>
  <testcase classname="com.hg4hom.FourballsTest" name="testTS_1_33" time="0"/>
  <testcase classname="com.hg4hom.FourballsTest" name="testTS_1_34" time="0"/>
  <testcase classname="com.hg4hom.FourballsTest" name="testTS_1_35" time="0"/>
  <testcase classname="com.hg4hom.FourballsTest" name="testTS_1_36" time="0"/>
  <testcase classname="com.hg4hom.FourballsTest" name="testTS_1_37" time="0.001"/>
  <testcase classname="com.hg4hom.FourballsTest" name="testTS_1_38" time="0.001"/>
  <testcase classname="com.hg4hom.FourballsTest" name="testTS_1_39" time="0"/>
  <testcase classname="com.hg4hom.FourballsTest" name="testTS_1_40" time="0"/>
  <testcase classname="com.hg4hom.FourballsTest" name="testTS_1_41" time="0"/>
  <testcase classname="com.hg4hom.FourballsTest" name="testTS_1_42" time="0"/>
  <testcase classname="com.hg4hom.FourballsTest" name="testTS_1_43" time="0"/>
  <testcase classname="com.hg4hom.FourballsTest" name="testTS_1_44" time="0"/>
  <testcase classname="com.hg4hom.FourballsTest" name="testTS_1_45" time="0.012"/>
  <testcase classname="com.hg4hom.FourballsTest" name="testTS_1_46" time="0"/>
  <testcase classname="com.hg4hom.FourballsTest" name="testTS_1_47" time="0"/>
  <testcase classname="com.hg4hom.FourballsTest" name="testTS_1_48" time="0"/>
  <testcase classname="com.hg4hom.FourballsTest" name="testTS_1_49" time="0"/>
  <testcase classname="com.hg4hom.FourballsTest" name="testTS_1_50" time="0"/>
  <testcase classname="com.hg4hom.FourballsTest" name="testTS_1_51" time="0"/>
  <testcase classname="com.hg4hom.FourballsTest" name="testTS_1_52" time="0"/>
  <testcase classname="com.hg4hom.FourballsTest" name="testTS_1_53" time="0"/>
  <testcase classname="com.hg4hom.FourballsTest" name="testTS_1_54" time="0"/>
  <testcase classname="com.hg4hom.FourballsTest" name="testTS_1_55" time="0"/>
  <testcase classname="com.hg4hom.FourballsTest" name="testTS_1_56" time="0"/>
  <testcase classname="com.hg4hom.FourballsTest" name="testTS_1_57" time="0"/>
  <testcase classname="com.hg4hom.FourballsTest" name="testTS_1_58" time="0"/>
  <testcase classname="com.hg4hom.FourballsTest" name="testTS_1_59" time="0"/>
  <testcase classname="com.hg4hom.FourballsTest" name="testTS_1_60" time="0"/>
  <testcase classname="com.hg4hom.FourballsTest" name="testTS_1_61" time="0"/>
  <testcase classname="com.hg4hom.FourballsTest" name="testTS_1_62" time="0"/>
  <testcase classname="com.hg4hom.FourballsTest" name="testTS_1_63" time="0"/>
  <testcase classname="com.hg4hom.FourballsTest" name="testTS_1_64" time="0"/>
  <testcase classname="com.hg4hom.FourballsTest" name="testTS_1_65" time="0"/>
  <testcase classname="com.hg4hom.FourballsTest" name="testTS_1_66" time="0"/>
  <testcase classname="com.hg4hom.FourballsTest" name="testTS_1_67" time="0"/>
  <testcase classname="com.hg4hom.FourballsTest" name="testTS_1_68" time="0"/>
  <testcase classname="com.hg4hom.FourballsTest" name="testTS_1_69" time="0"/>
  <testcase classname="com.hg4hom.FourballsTest" name="testTS_1_70" time="0"/>
  <testcase classname="com.hg4hom.FourballsTest" name="testTS_1_71" time="0"/>
  <testcase classname="com.hg4hom.FourballsTest" name="testTS_1_72" time="0"/>
  <testcase classname="com.hg4hom.FourballsTest" name="testTS_1_73" time="0"/>
  <testcase classname="com.hg4hom.FourballsTest" name="testTS_1_74" time="0.001"/>
  <testcase classname="com.hg4hom.FourballsTest" name="testTS_1_75" time="0"/>
  <testcase classname="com.hg4hom.FourballsTest" name="testTS_1_76" time="0"/>
  <testcase classname="com.hg4hom.FourballsTest" name="testTS_1_77" time="0"/>
  <testcase classname="com.hg4hom.FourballsTest" name="testTS_1_78" time="0"/>
  <testcase classname="com.hg4hom.FourballsTest" name="testTS_1_79" time="0"/>
  <testcase classname="com.hg4hom.FourballsTest" name="testTS_1_80" time="0"/>
  <testcase classname="com.hg4hom.FourballsTest" name="testTS_1_81" time="0"/>
  <testcase classname="com.hg4hom.FourballsTest" name="testTS_1_82" time="0"/>
  <testcase classname="com.hg4hom.FourballsTest" name="testTS_1_83" time="0"/>
  <testcase classname="com.hg4hom.FourballsTest" name="testTS_1_84" time="0"/>
  <testcase classname="com.hg4hom.FourballsTest" name="testTS_1_85" time="0"/>
  <testcase classname="com.hg4hom.FourballsTest" name="testTS_1_86" time="0"/>
  <testcase classname="com.hg4hom.FourballsTest" name="testTS_1_87" time="0"/>
  <testcase classname="com.hg4hom.FourballsTest" name="testTS_1_88" time="0"/>
  <testcase classname="com.hg4hom.FourballsTest" name="testTS_1_89" time="0"/>
  <testcase classname="com.hg4hom.FourballsTest" name="testTS_1_90" time="0"/>
  <testcase classname="com.hg4hom.FourballsTest" name="testTS_1_91" time="0"/>
  <testcase classname="com.hg4hom.FourballsTest" name="testTS_1_92" time="0"/>
  <testcase classname="com.hg4hom.FourballsTest" name="testTS_1_93" time="0"/>
  <testcase classname="com.hg4hom.FourballsTest" name="testTS_1_94" time="0"/>
  <testcase classname="com.hg4hom.FourballsTest" name="testTS_1_95" time="0"/>
  <testcase classname="com.hg4hom.FourballsTest" name="testTS_1_96" time="0.002"/>
</testsuite>